<?xml version="1.0" encoding="UTF-8"?>
<!-- Generated by org.testng.reporters.JUnitReportReporter -->
<testsuite hostname="DESKTOP-0OH831K" failures="0" tests="4" name="magentoWebSiteAuto.MyFirstTest" time="2.232" errors="0" timestamp="2024-08-05T20:05:54 EET" skipped="3">
  <testcase classname="magentoWebSiteAuto.MyFirstTest" name="addMenItem" time="2.232"/>
  <system-out/>
  <testcase classname="magentoWebSiteAuto.MyFirstTest" name="logOut">
    <skipped/>
  </testcase> <!-- logOut -->
  <system-out/>
  <testcase classname="magentoWebSiteAuto.MyFirstTest" name="logIn">
    <skipped/>
  </testcase> <!-- logIn -->
  <system-out/>
  <testcase classname="magentoWebSiteAuto.MyFirstTest" name="CreateAnAcount">
    <skipped/>
  </testcase> <!-- CreateAnAcount -->
  <system-out/>
</testsuite> <!-- magentoWebSiteAuto.MyFirstTest -->
